{"C:\\Users\\Usuario\\Documents\\Movie Challenge\\DEV009-movie-challenge-fw-new\\Movie-Challenge-App\\src\\components\\FilterMovies\\FilterMovies.jsx": {"path":"C:\\Users\\Usuario\\Documents\\Movie Challenge\\DEV009-movie-challenge-fw-new\\Movie-Challenge-App\\src\\components\\FilterMovies\\FilterMovies.jsx","statementMap":{"0":{"start":{"line":26,"column":0},"end":{"line":26,"column":15}},"1":{"start":{"line":1,"column":22},"end":{"line":1,"column":null}},"2":{"start":{"line":2,"column":7},"end":{"line":2,"column":null}},"3":{"start":{"line":4,"column":21},"end":{"line":18,"column":null}},"4":{"start":{"line":11,"column":10},"end":{"line":11,"column":33}},"5":{"start":{"line":20,"column":0},"end":{"line":24,"column":null}},"6":{"start":{"line":26,"column":15},"end":{"line":26,"column":null}}},"fnMap":{"0":{"name":"(anonymous_2)","decl":{"start":{"line":4,"column":21},"end":{"line":4,"column":22}},"loc":{"start":{"line":4,"column":62},"end":{"line":18,"column":null}}},"1":{"name":"(anonymous_3)","decl":{"start":{"line":10,"column":20},"end":{"line":10,"column":21}},"loc":{"start":{"line":11,"column":10},"end":{"line":11,"column":33}}}},"branchMap":{},"s":{"0":3,"1":2,"2":2,"3":2,"4":6,"5":2,"6":2},"f":{"0":3,"1":6},"b":{}}
,"C:\\Users\\Usuario\\Documents\\Movie Challenge\\DEV009-movie-challenge-fw-new\\Movie-Challenge-App\\src\\components\\MovieCatalog\\MovieCatalog.jsx": {"path":"C:\\Users\\Usuario\\Documents\\Movie Challenge\\DEV009-movie-challenge-fw-new\\Movie-Challenge-App\\src\\components\\MovieCatalog\\MovieCatalog.jsx","statementMap":{"0":{"start":{"line":98,"column":0},"end":{"line":98,"column":15}},"1":{"start":{"line":2,"column":36},"end":{"line":2,"column":null}},"2":{"start":{"line":3,"column":21},"end":{"line":3,"column":null}},"3":{"start":{"line":4,"column":18},"end":{"line":4,"column":null}},"4":{"start":{"line":5,"column":22},"end":{"line":5,"column":null}},"5":{"start":{"line":6,"column":17},"end":{"line":6,"column":null}},"6":{"start":{"line":7,"column":22},"end":{"line":7,"column":null}},"7":{"start":{"line":8,"column":23},"end":{"line":8,"column":null}},"8":{"start":{"line":9,"column":25},"end":{"line":9,"column":null}},"9":{"start":{"line":10,"column":23},"end":{"line":10,"column":null}},"10":{"start":{"line":11,"column":7},"end":{"line":11,"column":null}},"11":{"start":{"line":13,"column":21},"end":{"line":92,"column":null}},"12":{"start":{"line":14,"column":30},"end":{"line":14,"column":null}},"13":{"start":{"line":15,"column":26},"end":{"line":15,"column":null}},"14":{"start":{"line":16,"column":38},"end":{"line":16,"column":null}},"15":{"start":{"line":17,"column":36},"end":{"line":17,"column":null}},"16":{"start":{"line":18,"column":44},"end":{"line":18,"column":null}},"17":{"start":{"line":19,"column":42},"end":{"line":19,"column":null}},"18":{"start":{"line":21,"column":2},"end":{"line":46,"column":null}},"19":{"start":{"line":22,"column":19},"end":{"line":22,"column":null}},"20":{"start":{"line":23,"column":19},"end":{"line":23,"column":203}},"21":{"start":{"line":25,"column":20},"end":{"line":27,"column":null}},"22":{"start":{"line":29,"column":4},"end":{"line":36,"column":null}},"23":{"start":{"line":31,"column":8},"end":{"line":31,"column":null}},"24":{"start":{"line":32,"column":8},"end":{"line":32,"column":null}},"25":{"start":{"line":35,"column":8},"end":{"line":35,"column":null}},"26":{"start":{"line":38,"column":24},"end":{"line":38,"column":null}},"27":{"start":{"line":39,"column":4},"end":{"line":45,"column":null}},"28":{"start":{"line":41,"column":8},"end":{"line":41,"column":null}},"29":{"start":{"line":44,"column":8},"end":{"line":44,"column":null}},"30":{"start":{"line":48,"column":27},"end":{"line":52,"column":null}},"31":{"start":{"line":49,"column":4},"end":{"line":51,"column":null}},"32":{"start":{"line":50,"column":6},"end":{"line":50,"column":null}},"33":{"start":{"line":54,"column":28},"end":{"line":56,"column":null}},"34":{"start":{"line":55,"column":4},"end":{"line":55,"column":null}},"35":{"start":{"line":58,"column":27},"end":{"line":60,"column":null}},"36":{"start":{"line":59,"column":4},"end":{"line":59,"column":null}},"37":{"start":{"line":94,"column":0},"end":{"line":96,"column":null}},"38":{"start":{"line":98,"column":15},"end":{"line":98,"column":null}}},"fnMap":{"0":{"name":"(anonymous_2)","decl":{"start":{"line":13,"column":21},"end":{"line":13,"column":null}},"loc":{"start":{"line":13,"column":21},"end":{"line":92,"column":null}}},"1":{"name":"(anonymous_3)","decl":{"start":{"line":21,"column":12},"end":{"line":21,"column":null}},"loc":{"start":{"line":21,"column":12},"end":{"line":46,"column":5}}},"2":{"name":"(anonymous_4)","decl":{"start":{"line":30,"column":12},"end":{"line":30,"column":13}},"loc":{"start":{"line":30,"column":13},"end":{"line":33,"column":null}}},"3":{"name":"(anonymous_5)","decl":{"start":{"line":34,"column":13},"end":{"line":34,"column":14}},"loc":{"start":{"line":34,"column":14},"end":{"line":36,"column":null}}},"4":{"name":"(anonymous_6)","decl":{"start":{"line":40,"column":12},"end":{"line":40,"column":13}},"loc":{"start":{"line":40,"column":13},"end":{"line":42,"column":null}}},"5":{"name":"(anonymous_7)","decl":{"start":{"line":43,"column":13},"end":{"line":43,"column":14}},"loc":{"start":{"line":43,"column":14},"end":{"line":45,"column":null}}},"6":{"name":"(anonymous_8)","decl":{"start":{"line":48,"column":27},"end":{"line":48,"column":28}},"loc":{"start":{"line":48,"column":28},"end":{"line":52,"column":null}}},"7":{"name":"(anonymous_9)","decl":{"start":{"line":54,"column":28},"end":{"line":54,"column":29}},"loc":{"start":{"line":54,"column":29},"end":{"line":56,"column":null}}},"8":{"name":"(anonymous_10)","decl":{"start":{"line":58,"column":27},"end":{"line":58,"column":28}},"loc":{"start":{"line":58,"column":28},"end":{"line":60,"column":null}}}},"branchMap":{"0":{"loc":{"start":{"line":49,"column":4},"end":{"line":51,"column":null}},"type":"if","locations":[{"start":{"line":49,"column":4},"end":{"line":51,"column":null}}]},"1":{"loc":{"start":{"line":49,"column":8},"end":{"line":49,"column":47}},"type":"binary-expr","locations":[{"start":{"line":49,"column":8},"end":{"line":49,"column":24}},{"start":{"line":49,"column":24},"end":{"line":49,"column":47}}]}},"s":{"0":1,"1":1,"2":1,"3":1,"4":1,"5":1,"6":1,"7":1,"8":1,"9":1,"10":1,"11":1,"12":2,"13":1,"14":1,"15":1,"16":1,"17":1,"18":1,"19":1,"20":1,"21":1,"22":1,"23":1,"24":1,"25":0,"26":1,"27":1,"28":1,"29":0,"30":1,"31":0,"32":0,"33":1,"34":0,"35":1,"36":0,"37":1,"38":1},"f":{"0":2,"1":1,"2":1,"3":0,"4":1,"5":0,"6":0,"7":0,"8":0},"b":{"0":[0],"1":[0,0]}}
,"C:\\Users\\Usuario\\Documents\\Movie Challenge\\DEV009-movie-challenge-fw-new\\Movie-Challenge-App\\src\\components\\MovieList\\MovieList.jsx": {"path":"C:\\Users\\Usuario\\Documents\\Movie Challenge\\DEV009-movie-challenge-fw-new\\Movie-Challenge-App\\src\\components\\MovieList\\MovieList.jsx","statementMap":{"0":{"start":{"line":68,"column":0},"end":{"line":68,"column":15}},"1":{"start":{"line":1,"column":21},"end":{"line":1,"column":null}},"2":{"start":{"line":2,"column":22},"end":{"line":2,"column":null}},"3":{"start":{"line":3,"column":7},"end":{"line":3,"column":null}},"4":{"start":{"line":5,"column":18},"end":{"line":61,"column":null}},"5":{"start":{"line":6,"column":2},"end":{"line":8,"column":null}},"6":{"start":{"line":10,"column":2},"end":{"line":12,"column":null}},"7":{"start":{"line":14,"column":19},"end":{"line":14,"column":null}},"8":{"start":{"line":15,"column":2},"end":{"line":17,"column":null}},"9":{"start":{"line":16,"column":4},"end":{"line":16,"column":null}},"10":{"start":{"line":19,"column":17},"end":{"line":32,"column":null}},"11":{"start":{"line":37,"column":8},"end":{"line":37,"column":55}},"12":{"start":{"line":51,"column":123},"end":{"line":51,"column":140}},"13":{"start":{"line":63,"column":0},"end":{"line":66,"column":null}},"14":{"start":{"line":68,"column":15},"end":{"line":68,"column":null}}},"fnMap":{"0":{"name":"(anonymous_2)","decl":{"start":{"line":5,"column":18},"end":{"line":5,"column":19}},"loc":{"start":{"line":5,"column":40},"end":{"line":61,"column":null}}},"1":{"name":"(anonymous_3)","decl":{"start":{"line":15,"column":20},"end":{"line":15,"column":21}},"loc":{"start":{"line":15,"column":21},"end":{"line":17,"column":null}}},"2":{"name":"(anonymous_4)","decl":{"start":{"line":36,"column":18},"end":{"line":36,"column":19}},"loc":{"start":{"line":37,"column":8},"end":{"line":37,"column":55}}},"3":{"name":"(anonymous_5)","decl":{"start":{"line":51,"column":110},"end":{"line":51,"column":111}},"loc":{"start":{"line":51,"column":123},"end":{"line":51,"column":140}}}},"branchMap":{"0":{"loc":{"start":{"line":6,"column":2},"end":{"line":8,"column":null}},"type":"if","locations":[{"start":{"line":6,"column":2},"end":{"line":8,"column":null}}]},"1":{"loc":{"start":{"line":6,"column":6},"end":{"line":6,"column":53}},"type":"binary-expr","locations":[{"start":{"line":6,"column":6},"end":{"line":6,"column":32}},{"start":{"line":6,"column":32},"end":{"line":6,"column":53}}]},"2":{"loc":{"start":{"line":10,"column":2},"end":{"line":12,"column":null}},"type":"if","locations":[{"start":{"line":10,"column":2},"end":{"line":12,"column":null}}]},"3":{"loc":{"start":{"line":10,"column":6},"end":{"line":10,"column":59}},"type":"binary-expr","locations":[{"start":{"line":10,"column":6},"end":{"line":10,"column":35}},{"start":{"line":10,"column":35},"end":{"line":10,"column":59}}]}},"s":{"0":3,"1":2,"2":2,"3":2,"4":2,"5":3,"6":1,"7":0,"8":0,"9":0,"10":0,"11":0,"12":0,"13":2,"14":2},"f":{"0":3,"1":0,"2":0,"3":0},"b":{"0":[2],"1":[3,3],"2":[1],"3":[1,1]}}
,"C:\\Users\\Usuario\\Documents\\Movie Challenge\\DEV009-movie-challenge-fw-new\\Movie-Challenge-App\\src\\components\\MovieLogo\\MovieLogo.jsx": {"path":"C:\\Users\\Usuario\\Documents\\Movie Challenge\\DEV009-movie-challenge-fw-new\\Movie-Challenge-App\\src\\components\\MovieLogo\\MovieLogo.jsx","statementMap":{"0":{"start":{"line":10,"column":2},"end":{"line":10,"column":17}},"1":{"start":{"line":2,"column":18},"end":{"line":8,"column":null}},"2":{"start":{"line":10,"column":17},"end":{"line":10,"column":null}}},"fnMap":{"0":{"name":"(anonymous_1)","decl":{"start":{"line":2,"column":18},"end":{"line":2,"column":null}},"loc":{"start":{"line":2,"column":18},"end":{"line":8,"column":null}}}},"branchMap":{},"s":{"0":2,"1":2,"2":2},"f":{"0":2},"b":{}}
,"C:\\Users\\Usuario\\Documents\\Movie Challenge\\DEV009-movie-challenge-fw-new\\Movie-Challenge-App\\src\\components\\MoviePagination\\MoviePagination.jsx": {"path":"C:\\Users\\Usuario\\Documents\\Movie Challenge\\DEV009-movie-challenge-fw-new\\Movie-Challenge-App\\src\\components\\MoviePagination\\MoviePagination.jsx","statementMap":{"0":{"start":{"line":37,"column":0},"end":{"line":37,"column":15}},"1":{"start":{"line":1,"column":22},"end":{"line":1,"column":null}},"2":{"start":{"line":2,"column":7},"end":{"line":2,"column":null}},"3":{"start":{"line":4,"column":19},"end":{"line":28,"column":null}},"4":{"start":{"line":6,"column":29},"end":{"line":6,"column":null}},"5":{"start":{"line":9,"column":25},"end":{"line":9,"column":null}},"6":{"start":{"line":14,"column":23},"end":{"line":14,"column":null}},"7":{"start":{"line":21,"column":23},"end":{"line":21,"column":null}},"8":{"start":{"line":31,"column":0},"end":{"line":35,"column":null}},"9":{"start":{"line":37,"column":15},"end":{"line":37,"column":null}}},"fnMap":{"0":{"name":"(anonymous_2)","decl":{"start":{"line":4,"column":19},"end":{"line":4,"column":20}},"loc":{"start":{"line":4,"column":61},"end":{"line":28,"column":null}}},"1":{"name":"(anonymous_3)","decl":{"start":{"line":14,"column":17},"end":{"line":14,"column":23}},"loc":{"start":{"line":14,"column":23},"end":{"line":14,"column":null}}},"2":{"name":"(anonymous_4)","decl":{"start":{"line":21,"column":17},"end":{"line":21,"column":23}},"loc":{"start":{"line":21,"column":23},"end":{"line":21,"column":null}}}},"branchMap":{},"s":{"0":2,"1":2,"2":2,"3":2,"4":2,"5":2,"6":0,"7":0,"8":2,"9":2},"f":{"0":2,"1":0,"2":0},"b":{}}
,"C:\\Users\\Usuario\\Documents\\Movie Challenge\\DEV009-movie-challenge-fw-new\\Movie-Challenge-App\\src\\components\\SortMovies\\SortMovies.jsx": {"path":"C:\\Users\\Usuario\\Documents\\Movie Challenge\\DEV009-movie-challenge-fw-new\\Movie-Challenge-App\\src\\components\\SortMovies\\SortMovies.jsx","statementMap":{"0":{"start":{"line":25,"column":0},"end":{"line":25,"column":15}},"1":{"start":{"line":1,"column":22},"end":{"line":1,"column":null}},"2":{"start":{"line":2,"column":7},"end":{"line":2,"column":null}},"3":{"start":{"line":4,"column":19},"end":{"line":18,"column":null}},"4":{"start":{"line":20,"column":0},"end":{"line":23,"column":null}},"5":{"start":{"line":25,"column":15},"end":{"line":25,"column":null}}},"fnMap":{"0":{"name":"(anonymous_2)","decl":{"start":{"line":4,"column":19},"end":{"line":4,"column":20}},"loc":{"start":{"line":4,"column":50},"end":{"line":18,"column":null}}}},"branchMap":{},"s":{"0":3,"1":2,"2":2,"3":2,"4":2,"5":2},"f":{"0":3},"b":{}}
}
