{"C:\\Users\\Usuario\\Documents\\Movie Challenge\\DEV009-movie-challenge-fw-new\\Movie-Challenge-App\\src\\components\\FilterMovies\\FilterMovies.jsx": {"path":"C:\\Users\\Usuario\\Documents\\Movie Challenge\\DEV009-movie-challenge-fw-new\\Movie-Challenge-App\\src\\components\\FilterMovies\\FilterMovies.jsx","statementMap":{"0":{"start":{"line":29,"column":0},"end":{"line":29,"column":15}},"1":{"start":{"line":1,"column":22},"end":{"line":1,"column":null}},"2":{"start":{"line":2,"column":7},"end":{"line":2,"column":null}},"3":{"start":{"line":4,"column":21},"end":{"line":21,"column":null}},"4":{"start":{"line":12,"column":12},"end":{"line":12,"column":35}},"5":{"start":{"line":23,"column":0},"end":{"line":27,"column":null}},"6":{"start":{"line":29,"column":15},"end":{"line":29,"column":null}}},"fnMap":{"0":{"name":"(anonymous_2)","decl":{"start":{"line":4,"column":21},"end":{"line":4,"column":22}},"loc":{"start":{"line":4,"column":62},"end":{"line":21,"column":null}}},"1":{"name":"(anonymous_3)","decl":{"start":{"line":11,"column":23},"end":{"line":11,"column":24}},"loc":{"start":{"line":12,"column":12},"end":{"line":12,"column":35}}}},"branchMap":{"0":{"loc":{"start":{"line":10,"column":9},"end":{"line":16,"column":null}},"type":"cond-expr","locations":[{"start":{"line":11,"column":12},"end":{"line":12,"column":35}},{"start":{"line":16,"column":12},"end":{"line":16,"column":null}}]}},"s":{"0":13,"1":2,"2":2,"3":2,"4":10,"5":2,"6":2},"f":{"0":13,"1":10},"b":{"0":[12,1]}}
,"C:\\Users\\Usuario\\Documents\\Movie Challenge\\DEV009-movie-challenge-fw-new\\Movie-Challenge-App\\src\\components\\Home\\Home.jsx": {"path":"C:\\Users\\Usuario\\Documents\\Movie Challenge\\DEV009-movie-challenge-fw-new\\Movie-Challenge-App\\src\\components\\Home\\Home.jsx","statementMap":{"0":{"start":{"line":24,"column":0},"end":{"line":24,"column":15}},"1":{"start":{"line":1,"column":21},"end":{"line":1,"column":null}},"2":{"start":{"line":2,"column":7},"end":{"line":2,"column":null}},"3":{"start":{"line":4,"column":13},"end":{"line":22,"column":null}},"4":{"start":{"line":24,"column":15},"end":{"line":24,"column":null}}},"fnMap":{"0":{"name":"(anonymous_1)","decl":{"start":{"line":4,"column":13},"end":{"line":4,"column":null}},"loc":{"start":{"line":4,"column":13},"end":{"line":22,"column":null}}}},"branchMap":{},"s":{"0":1,"1":1,"2":1,"3":1,"4":1},"f":{"0":1},"b":{}}
,"C:\\Users\\Usuario\\Documents\\Movie Challenge\\DEV009-movie-challenge-fw-new\\Movie-Challenge-App\\src\\components\\MovieCatalog\\MovieCatalog.jsx": {"path":"C:\\Users\\Usuario\\Documents\\Movie Challenge\\DEV009-movie-challenge-fw-new\\Movie-Challenge-App\\src\\components\\MovieCatalog\\MovieCatalog.jsx","statementMap":{"0":{"start":{"line":100,"column":0},"end":{"line":100,"column":15}},"1":{"start":{"line":1,"column":36},"end":{"line":1,"column":null}},"2":{"start":{"line":2,"column":21},"end":{"line":2,"column":null}},"3":{"start":{"line":3,"column":18},"end":{"line":3,"column":null}},"4":{"start":{"line":4,"column":22},"end":{"line":4,"column":null}},"5":{"start":{"line":5,"column":17},"end":{"line":5,"column":null}},"6":{"start":{"line":6,"column":22},"end":{"line":6,"column":null}},"7":{"start":{"line":7,"column":23},"end":{"line":7,"column":null}},"8":{"start":{"line":8,"column":25},"end":{"line":8,"column":null}},"9":{"start":{"line":9,"column":23},"end":{"line":9,"column":null}},"10":{"start":{"line":10,"column":32},"end":{"line":10,"column":null}},"11":{"start":{"line":11,"column":7},"end":{"line":11,"column":null}},"12":{"start":{"line":13,"column":21},"end":{"line":94,"column":null}},"13":{"start":{"line":14,"column":30},"end":{"line":14,"column":null}},"14":{"start":{"line":15,"column":26},"end":{"line":15,"column":null}},"15":{"start":{"line":16,"column":38},"end":{"line":16,"column":null}},"16":{"start":{"line":17,"column":36},"end":{"line":17,"column":null}},"17":{"start":{"line":18,"column":77},"end":{"line":18,"column":null}},"18":{"start":{"line":20,"column":2},"end":{"line":48,"column":null}},"19":{"start":{"line":21,"column":19},"end":{"line":21,"column":null}},"20":{"start":{"line":22,"column":19},"end":{"line":22,"column":203}},"21":{"start":{"line":24,"column":20},"end":{"line":26,"column":null}},"22":{"start":{"line":28,"column":4},"end":{"line":35,"column":null}},"23":{"start":{"line":30,"column":8},"end":{"line":30,"column":null}},"24":{"start":{"line":31,"column":8},"end":{"line":31,"column":null}},"25":{"start":{"line":34,"column":8},"end":{"line":34,"column":null}},"26":{"start":{"line":38,"column":4},"end":{"line":47,"column":null}},"27":{"start":{"line":39,"column":26},"end":{"line":39,"column":null}},"28":{"start":{"line":40,"column":6},"end":{"line":46,"column":null}},"29":{"start":{"line":42,"column":10},"end":{"line":42,"column":null}},"30":{"start":{"line":45,"column":10},"end":{"line":45,"column":null}},"31":{"start":{"line":50,"column":27},"end":{"line":54,"column":null}},"32":{"start":{"line":51,"column":4},"end":{"line":53,"column":null}},"33":{"start":{"line":52,"column":6},"end":{"line":52,"column":null}},"34":{"start":{"line":56,"column":28},"end":{"line":58,"column":null}},"35":{"start":{"line":57,"column":4},"end":{"line":57,"column":null}},"36":{"start":{"line":60,"column":27},"end":{"line":62,"column":null}},"37":{"start":{"line":61,"column":4},"end":{"line":61,"column":null}},"38":{"start":{"line":96,"column":0},"end":{"line":98,"column":null}},"39":{"start":{"line":100,"column":15},"end":{"line":100,"column":null}}},"fnMap":{"0":{"name":"(anonymous_2)","decl":{"start":{"line":13,"column":21},"end":{"line":13,"column":null}},"loc":{"start":{"line":13,"column":21},"end":{"line":94,"column":null}}},"1":{"name":"(anonymous_3)","decl":{"start":{"line":20,"column":12},"end":{"line":20,"column":null}},"loc":{"start":{"line":20,"column":12},"end":{"line":48,"column":5}}},"2":{"name":"(anonymous_4)","decl":{"start":{"line":29,"column":12},"end":{"line":29,"column":13}},"loc":{"start":{"line":29,"column":13},"end":{"line":32,"column":null}}},"3":{"name":"(anonymous_5)","decl":{"start":{"line":33,"column":13},"end":{"line":33,"column":14}},"loc":{"start":{"line":33,"column":14},"end":{"line":35,"column":null}}},"4":{"name":"(anonymous_6)","decl":{"start":{"line":41,"column":14},"end":{"line":41,"column":15}},"loc":{"start":{"line":41,"column":15},"end":{"line":43,"column":null}}},"5":{"name":"(anonymous_7)","decl":{"start":{"line":44,"column":15},"end":{"line":44,"column":16}},"loc":{"start":{"line":44,"column":16},"end":{"line":46,"column":null}}},"6":{"name":"(anonymous_8)","decl":{"start":{"line":50,"column":27},"end":{"line":50,"column":28}},"loc":{"start":{"line":50,"column":28},"end":{"line":54,"column":null}}},"7":{"name":"(anonymous_9)","decl":{"start":{"line":56,"column":28},"end":{"line":56,"column":29}},"loc":{"start":{"line":56,"column":29},"end":{"line":58,"column":null}}},"8":{"name":"(anonymous_10)","decl":{"start":{"line":60,"column":27},"end":{"line":60,"column":28}},"loc":{"start":{"line":60,"column":28},"end":{"line":62,"column":null}}}},"branchMap":{"0":{"loc":{"start":{"line":38,"column":4},"end":{"line":47,"column":null}},"type":"if","locations":[{"start":{"line":38,"column":4},"end":{"line":47,"column":null}}]},"1":{"loc":{"start":{"line":38,"column":8},"end":{"line":38,"column":59}},"type":"binary-expr","locations":[{"start":{"line":38,"column":8},"end":{"line":38,"column":35}},{"start":{"line":38,"column":35},"end":{"line":38,"column":59}}]},"2":{"loc":{"start":{"line":51,"column":4},"end":{"line":53,"column":null}},"type":"if","locations":[{"start":{"line":51,"column":4},"end":{"line":53,"column":null}}]},"3":{"loc":{"start":{"line":51,"column":8},"end":{"line":51,"column":47}},"type":"binary-expr","locations":[{"start":{"line":51,"column":8},"end":{"line":51,"column":24}},{"start":{"line":51,"column":24},"end":{"line":51,"column":47}}]}},"s":{"0":6,"1":1,"2":1,"3":1,"4":1,"5":1,"6":1,"7":1,"8":1,"9":1,"10":1,"11":1,"12":1,"13":7,"14":7,"15":7,"16":7,"17":7,"18":7,"19":7,"20":7,"21":7,"22":7,"23":1,"24":1,"25":6,"26":7,"27":7,"28":7,"29":1,"30":6,"31":7,"32":0,"33":0,"34":7,"35":1,"36":7,"37":1,"38":1,"39":1},"f":{"0":7,"1":7,"2":1,"3":6,"4":1,"5":6,"6":0,"7":1,"8":1},"b":{"0":[7],"1":[7,7],"2":[0],"3":[0,0]}}
,"C:\\Users\\Usuario\\Documents\\Movie Challenge\\DEV009-movie-challenge-fw-new\\Movie-Challenge-App\\src\\components\\MovieContext\\MovieContext.jsx": {"path":"C:\\Users\\Usuario\\Documents\\Movie Challenge\\DEV009-movie-challenge-fw-new\\Movie-Challenge-App\\src\\components\\MovieContext\\MovieContext.jsx","statementMap":{"0":{"start":{"line":11,"column":16},"end":{"line":11,"column":29}},"1":{"start":{"line":7,"column":16},"end":{"line":7,"column":31}},"2":{"start":{"line":2,"column":52},"end":{"line":2,"column":null}},"3":{"start":{"line":3,"column":22},"end":{"line":3,"column":null}},"4":{"start":{"line":5,"column":21},"end":{"line":5,"column":null}},"5":{"start":{"line":8,"column":2},"end":{"line":8,"column":null}},"6":{"start":{"line":12,"column":44},"end":{"line":12,"column":null}},"7":{"start":{"line":13,"column":42},"end":{"line":13,"column":null}},"8":{"start":{"line":22,"column":0},"end":{"line":24,"column":null}}},"fnMap":{"0":{"name":"useMovieContext","decl":{"start":{"line":7,"column":16},"end":{"line":7,"column":31}},"loc":{"start":{"line":7,"column":16},"end":{"line":9,"column":null}}},"1":{"name":"MovieProvider","decl":{"start":{"line":11,"column":16},"end":{"line":11,"column":29}},"loc":{"start":{"line":11,"column":42},"end":{"line":20,"column":null}}}},"branchMap":{},"s":{"0":7,"1":9,"2":2,"3":2,"4":2,"5":9,"6":8,"7":8,"8":2},"f":{"0":9,"1":8},"b":{}}
,"C:\\Users\\Usuario\\Documents\\Movie Challenge\\DEV009-movie-challenge-fw-new\\Movie-Challenge-App\\src\\components\\MovieDetails\\MovieDetails.jsx": {"path":"C:\\Users\\Usuario\\Documents\\Movie Challenge\\DEV009-movie-challenge-fw-new\\Movie-Challenge-App\\src\\components\\MovieDetails\\MovieDetails.jsx","statementMap":{"0":{"start":{"line":59,"column":0},"end":{"line":59,"column":15}},"1":{"start":{"line":2,"column":32},"end":{"line":2,"column":null}},"2":{"start":{"line":3,"column":18},"end":{"line":3,"column":null}},"3":{"start":{"line":4,"column":36},"end":{"line":4,"column":null}},"4":{"start":{"line":5,"column":32},"end":{"line":5,"column":null}},"5":{"start":{"line":6,"column":7},"end":{"line":6,"column":null}},"6":{"start":{"line":9,"column":22},"end":{"line":9,"column":null}},"7":{"start":{"line":10,"column":42},"end":{"line":10,"column":null}},"8":{"start":{"line":11,"column":28},"end":{"line":11,"column":null}},"9":{"start":{"line":13,"column":2},"end":{"line":32,"column":null}},"10":{"start":{"line":14,"column":19},"end":{"line":14,"column":null}},"11":{"start":{"line":15,"column":16},"end":{"line":15,"column":149}},"12":{"start":{"line":17,"column":19},"end":{"line":22,"column":null}},"13":{"start":{"line":24,"column":4},"end":{"line":31,"column":null}},"14":{"start":{"line":27,"column":8},"end":{"line":27,"column":null}},"15":{"start":{"line":34,"column":2},"end":{"line":36,"column":null}},"16":{"start":{"line":50,"column":116},"end":{"line":50,"column":126}},"17":{"start":{"line":59,"column":15},"end":{"line":59,"column":null}}},"fnMap":{"0":{"name":"MovieDetails","decl":{"start":{"line":8,"column":9},"end":{"line":8,"column":null}},"loc":{"start":{"line":8,"column":9},"end":{"line":57,"column":null}}},"1":{"name":"(anonymous_3)","decl":{"start":{"line":13,"column":12},"end":{"line":13,"column":null}},"loc":{"start":{"line":13,"column":12},"end":{"line":32,"column":5}}},"2":{"name":"(anonymous_4)","decl":{"start":{"line":26,"column":12},"end":{"line":26,"column":13}},"loc":{"start":{"line":26,"column":13},"end":{"line":28,"column":null}}},"3":{"name":"(anonymous_5)","decl":{"start":{"line":29,"column":13},"end":{"line":29,"column":14}},"loc":{"start":{"line":29,"column":14},"end":{"line":31,"column":null}}},"4":{"name":"(anonymous_6)","decl":{"start":{"line":50,"column":105},"end":{"line":50,"column":106}},"loc":{"start":{"line":50,"column":116},"end":{"line":50,"column":126}}}},"branchMap":{"0":{"loc":{"start":{"line":34,"column":2},"end":{"line":36,"column":null}},"type":"if","locations":[{"start":{"line":34,"column":2},"end":{"line":36,"column":null}}]}},"s":{"0":1,"1":1,"2":1,"3":1,"4":1,"5":1,"6":2,"7":2,"8":2,"9":2,"10":1,"11":1,"12":1,"13":1,"14":1,"15":2,"16":2,"17":1},"f":{"0":2,"1":1,"2":1,"3":0,"4":2},"b":{"0":[1]}}
,"C:\\Users\\Usuario\\Documents\\Movie Challenge\\DEV009-movie-challenge-fw-new\\Movie-Challenge-App\\src\\components\\MovieList\\MovieList.jsx": {"path":"C:\\Users\\Usuario\\Documents\\Movie Challenge\\DEV009-movie-challenge-fw-new\\Movie-Challenge-App\\src\\components\\MovieList\\MovieList.jsx","statementMap":{"0":{"start":{"line":71,"column":0},"end":{"line":71,"column":15}},"1":{"start":{"line":1,"column":21},"end":{"line":1,"column":null}},"2":{"start":{"line":2,"column":22},"end":{"line":2,"column":null}},"3":{"start":{"line":3,"column":7},"end":{"line":3,"column":null}},"4":{"start":{"line":5,"column":18},"end":{"line":64,"column":null}},"5":{"start":{"line":6,"column":2},"end":{"line":8,"column":null}},"6":{"start":{"line":10,"column":2},"end":{"line":12,"column":null}},"7":{"start":{"line":14,"column":19},"end":{"line":14,"column":null}},"8":{"start":{"line":15,"column":2},"end":{"line":17,"column":null}},"9":{"start":{"line":16,"column":4},"end":{"line":16,"column":null}},"10":{"start":{"line":19,"column":17},"end":{"line":32,"column":null}},"11":{"start":{"line":35,"column":27},"end":{"line":35,"column":null}},"12":{"start":{"line":35,"column":52},"end":{"line":35,"column":69}},"13":{"start":{"line":40,"column":8},"end":{"line":40,"column":55}},"14":{"start":{"line":54,"column":125},"end":{"line":54,"column":142}},"15":{"start":{"line":66,"column":0},"end":{"line":69,"column":null}},"16":{"start":{"line":71,"column":15},"end":{"line":71,"column":null}}},"fnMap":{"0":{"name":"(anonymous_2)","decl":{"start":{"line":5,"column":18},"end":{"line":5,"column":19}},"loc":{"start":{"line":5,"column":40},"end":{"line":64,"column":null}}},"1":{"name":"(anonymous_3)","decl":{"start":{"line":15,"column":20},"end":{"line":15,"column":21}},"loc":{"start":{"line":15,"column":21},"end":{"line":17,"column":null}}},"2":{"name":"(anonymous_4)","decl":{"start":{"line":35,"column":41},"end":{"line":35,"column":42}},"loc":{"start":{"line":35,"column":52},"end":{"line":35,"column":69}}},"3":{"name":"(anonymous_5)","decl":{"start":{"line":39,"column":28},"end":{"line":39,"column":29}},"loc":{"start":{"line":40,"column":8},"end":{"line":40,"column":55}}},"4":{"name":"(anonymous_6)","decl":{"start":{"line":54,"column":112},"end":{"line":54,"column":113}},"loc":{"start":{"line":54,"column":125},"end":{"line":54,"column":142}}}},"branchMap":{"0":{"loc":{"start":{"line":6,"column":2},"end":{"line":8,"column":null}},"type":"if","locations":[{"start":{"line":6,"column":2},"end":{"line":8,"column":null}}]},"1":{"loc":{"start":{"line":6,"column":6},"end":{"line":6,"column":53}},"type":"binary-expr","locations":[{"start":{"line":6,"column":6},"end":{"line":6,"column":32}},{"start":{"line":6,"column":32},"end":{"line":6,"column":53}}]},"2":{"loc":{"start":{"line":10,"column":2},"end":{"line":12,"column":null}},"type":"if","locations":[{"start":{"line":10,"column":2},"end":{"line":12,"column":null}}]},"3":{"loc":{"start":{"line":10,"column":6},"end":{"line":10,"column":59}},"type":"binary-expr","locations":[{"start":{"line":10,"column":6},"end":{"line":10,"column":35}},{"start":{"line":10,"column":35},"end":{"line":10,"column":59}}]}},"s":{"0":10,"1":2,"2":2,"3":2,"4":2,"5":10,"6":2,"7":1,"8":1,"9":4,"10":1,"11":1,"12":2,"13":2,"14":4,"15":2,"16":2},"f":{"0":10,"1":4,"2":2,"3":2,"4":4},"b":{"0":[8],"1":[10,10],"2":[1],"3":[2,2]}}
,"C:\\Users\\Usuario\\Documents\\Movie Challenge\\DEV009-movie-challenge-fw-new\\Movie-Challenge-App\\src\\components\\MovieLogo\\MovieLogo.jsx": {"path":"C:\\Users\\Usuario\\Documents\\Movie Challenge\\DEV009-movie-challenge-fw-new\\Movie-Challenge-App\\src\\components\\MovieLogo\\MovieLogo.jsx","statementMap":{"0":{"start":{"line":10,"column":2},"end":{"line":10,"column":17}},"1":{"start":{"line":2,"column":18},"end":{"line":8,"column":null}},"2":{"start":{"line":10,"column":17},"end":{"line":10,"column":null}}},"fnMap":{"0":{"name":"(anonymous_1)","decl":{"start":{"line":2,"column":18},"end":{"line":2,"column":null}},"loc":{"start":{"line":2,"column":18},"end":{"line":8,"column":null}}}},"branchMap":{},"s":{"0":8,"1":2,"2":2},"f":{"0":8},"b":{}}
,"C:\\Users\\Usuario\\Documents\\Movie Challenge\\DEV009-movie-challenge-fw-new\\Movie-Challenge-App\\src\\components\\MoviePagination\\MoviePagination.jsx": {"path":"C:\\Users\\Usuario\\Documents\\Movie Challenge\\DEV009-movie-challenge-fw-new\\Movie-Challenge-App\\src\\components\\MoviePagination\\MoviePagination.jsx","statementMap":{"0":{"start":{"line":38,"column":0},"end":{"line":38,"column":15}},"1":{"start":{"line":1,"column":22},"end":{"line":1,"column":null}},"2":{"start":{"line":2,"column":7},"end":{"line":2,"column":null}},"3":{"start":{"line":4,"column":19},"end":{"line":29,"column":null}},"4":{"start":{"line":6,"column":29},"end":{"line":6,"column":null}},"5":{"start":{"line":9,"column":25},"end":{"line":9,"column":null}},"6":{"start":{"line":15,"column":23},"end":{"line":15,"column":null}},"7":{"start":{"line":22,"column":23},"end":{"line":22,"column":null}},"8":{"start":{"line":32,"column":0},"end":{"line":36,"column":null}},"9":{"start":{"line":38,"column":15},"end":{"line":38,"column":null}}},"fnMap":{"0":{"name":"(anonymous_2)","decl":{"start":{"line":4,"column":19},"end":{"line":4,"column":20}},"loc":{"start":{"line":4,"column":61},"end":{"line":29,"column":null}}},"1":{"name":"(anonymous_3)","decl":{"start":{"line":15,"column":17},"end":{"line":15,"column":23}},"loc":{"start":{"line":15,"column":23},"end":{"line":15,"column":null}}},"2":{"name":"(anonymous_4)","decl":{"start":{"line":22,"column":17},"end":{"line":22,"column":23}},"loc":{"start":{"line":22,"column":23},"end":{"line":22,"column":null}}}},"branchMap":{},"s":{"0":15,"1":2,"2":2,"3":2,"4":15,"5":15,"6":1,"7":1,"8":2,"9":2},"f":{"0":15,"1":1,"2":1},"b":{}}
,"C:\\Users\\Usuario\\Documents\\Movie Challenge\\DEV009-movie-challenge-fw-new\\Movie-Challenge-App\\src\\components\\SortMovies\\SortMovies.jsx": {"path":"C:\\Users\\Usuario\\Documents\\Movie Challenge\\DEV009-movie-challenge-fw-new\\Movie-Challenge-App\\src\\components\\SortMovies\\SortMovies.jsx","statementMap":{"0":{"start":{"line":31,"column":0},"end":{"line":31,"column":15}},"1":{"start":{"line":1,"column":22},"end":{"line":1,"column":null}},"2":{"start":{"line":2,"column":7},"end":{"line":2,"column":null}},"3":{"start":{"line":4,"column":19},"end":{"line":24,"column":null}},"4":{"start":{"line":26,"column":0},"end":{"line":29,"column":null}},"5":{"start":{"line":31,"column":15},"end":{"line":31,"column":null}}},"fnMap":{"0":{"name":"(anonymous_2)","decl":{"start":{"line":4,"column":19},"end":{"line":4,"column":20}},"loc":{"start":{"line":4,"column":50},"end":{"line":24,"column":null}}}},"branchMap":{"0":{"loc":{"start":{"line":16,"column":7},"end":{"line":16,"column":45}},"type":"binary-expr","locations":[{"start":{"line":16,"column":7},"end":{"line":16,"column":45}}]},"1":{"loc":{"start":{"line":17,"column":7},"end":{"line":17,"column":44}},"type":"binary-expr","locations":[{"start":{"line":17,"column":7},"end":{"line":17,"column":44}}]},"2":{"loc":{"start":{"line":18,"column":7},"end":{"line":18,"column":47}},"type":"binary-expr","locations":[{"start":{"line":18,"column":7},"end":{"line":18,"column":47}}]},"3":{"loc":{"start":{"line":19,"column":7},"end":{"line":19,"column":46}},"type":"binary-expr","locations":[{"start":{"line":19,"column":7},"end":{"line":19,"column":46}}]},"4":{"loc":{"start":{"line":20,"column":7},"end":{"line":20,"column":47}},"type":"binary-expr","locations":[{"start":{"line":20,"column":7},"end":{"line":20,"column":47}}]},"5":{"loc":{"start":{"line":21,"column":7},"end":{"line":21,"column":46}},"type":"binary-expr","locations":[{"start":{"line":21,"column":7},"end":{"line":21,"column":46}}]}},"s":{"0":9,"1":2,"2":2,"3":2,"4":2,"5":2},"f":{"0":9},"b":{"0":[9],"1":[9],"2":[9],"3":[9],"4":[9],"5":[9]}}
}
