TN:
SF:src\components\FilterMovies\FilterMovies.jsx
FN:4,(anonymous_2)
FN:11,(anonymous_3)
FNF:2
FNH:2
FNDA:14,(anonymous_2)
FNDA:10,(anonymous_3)
DA:1,2
DA:2,2
DA:4,2
DA:12,10
DA:23,2
DA:29,14
LF:6
LH:6
BRDA:10,0,0,13
BRDA:10,0,1,1
BRF:2
BRH:2
end_of_record
TN:
SF:src\components\Home\Home.jsx
FN:4,(anonymous_1)
FNF:1
FNH:1
FNDA:1,(anonymous_1)
DA:1,1
DA:2,1
DA:4,1
DA:23,1
LF:4
LH:4
BRF:0
BRH:0
end_of_record
TN:
SF:src\components\MovieCatalog\MovieCatalog.jsx
FN:13,(anonymous_2)
FN:20,(anonymous_3)
FN:29,(anonymous_4)
FN:33,(anonymous_5)
FN:41,(anonymous_6)
FN:44,(anonymous_7)
FN:50,(anonymous_8)
FN:56,(anonymous_9)
FN:60,(anonymous_10)
FNF:9
FNH:8
FNDA:8,(anonymous_2)
FNDA:8,(anonymous_3)
FNDA:1,(anonymous_4)
FNDA:7,(anonymous_5)
FNDA:1,(anonymous_6)
FNDA:7,(anonymous_7)
FNDA:0,(anonymous_8)
FNDA:1,(anonymous_9)
FNDA:1,(anonymous_10)
DA:1,1
DA:2,1
DA:3,1
DA:4,1
DA:5,1
DA:6,1
DA:7,1
DA:8,1
DA:9,1
DA:10,1
DA:11,1
DA:13,1
DA:14,8
DA:15,8
DA:16,8
DA:17,8
DA:18,8
DA:20,8
DA:21,8
DA:22,8
DA:24,8
DA:28,8
DA:30,1
DA:31,1
DA:34,7
DA:38,8
DA:39,8
DA:40,8
DA:42,1
DA:45,7
DA:50,8
DA:51,0
DA:52,0
DA:56,8
DA:57,1
DA:60,8
DA:61,1
DA:96,1
DA:100,7
LF:39
LH:37
BRDA:38,0,0,8
BRDA:38,1,0,8
BRDA:38,1,1,8
BRDA:51,2,0,0
BRDA:51,3,0,0
BRDA:51,3,1,0
BRF:6
BRH:3
end_of_record
TN:
SF:src\components\MovieContext\MovieContext.jsx
FN:7,useMovieContext
FN:11,MovieProvider
FNF:2
FNH:2
FNDA:10,useMovieContext
FNDA:9,MovieProvider
DA:2,2
DA:3,2
DA:5,2
DA:7,10
DA:8,10
DA:11,8
DA:12,9
DA:13,9
DA:22,2
LF:9
LH:9
BRF:0
BRH:0
end_of_record
TN:
SF:src\components\MovieDetails\MovieDetails.jsx
FN:8,MovieDetails
FN:13,(anonymous_3)
FN:26,(anonymous_4)
FN:29,(anonymous_5)
FN:49,(anonymous_6)
FNF:5
FNH:4
FNDA:2,MovieDetails
FNDA:1,(anonymous_3)
FNDA:1,(anonymous_4)
FNDA:0,(anonymous_5)
FNDA:2,(anonymous_6)
DA:2,1
DA:3,1
DA:4,1
DA:5,1
DA:6,1
DA:9,2
DA:10,2
DA:11,2
DA:13,2
DA:14,1
DA:15,1
DA:17,1
DA:24,1
DA:27,1
DA:34,2
DA:49,2
DA:58,1
LF:17
LH:17
BRDA:34,0,0,1
BRF:1
BRH:1
end_of_record
TN:
SF:src\components\MovieList\MovieList.jsx
FN:5,(anonymous_2)
FN:15,(anonymous_3)
FN:35,(anonymous_4)
FN:39,(anonymous_5)
FN:54,(anonymous_6)
FNF:5
FNH:5
FNDA:11,(anonymous_2)
FNDA:4,(anonymous_3)
FNDA:2,(anonymous_4)
FNDA:2,(anonymous_5)
FNDA:4,(anonymous_6)
DA:1,2
DA:2,2
DA:3,2
DA:5,2
DA:6,11
DA:10,2
DA:14,1
DA:15,1
DA:16,4
DA:19,1
DA:35,2
DA:40,2
DA:54,4
DA:66,2
DA:71,11
LF:15
LH:15
BRDA:6,0,0,9
BRDA:6,1,0,11
BRDA:6,1,1,11
BRDA:10,2,0,1
BRDA:10,3,0,2
BRDA:10,3,1,2
BRF:6
BRH:6
end_of_record
TN:
SF:src\components\MovieLogo\MovieLogo.jsx
FN:2,(anonymous_1)
FNF:1
FNH:1
FNDA:9,(anonymous_1)
DA:2,2
DA:10,9
LF:2
LH:2
BRF:0
BRH:0
end_of_record
TN:
SF:src\components\MoviePagination\MoviePagination.jsx
FN:4,(anonymous_2)
FN:15,(anonymous_3)
FN:22,(anonymous_4)
FNF:3
FNH:3
FNDA:16,(anonymous_2)
FNDA:1,(anonymous_3)
FNDA:1,(anonymous_4)
DA:1,2
DA:2,2
DA:4,2
DA:6,16
DA:9,16
DA:15,1
DA:22,1
DA:32,2
DA:38,16
LF:9
LH:9
BRF:0
BRH:0
end_of_record
TN:
SF:src\components\SortMovies\SortMovies.jsx
FN:4,(anonymous_2)
FNF:1
FNH:1
FNDA:10,(anonymous_2)
DA:1,2
DA:2,2
DA:4,2
DA:26,2
DA:31,10
LF:5
LH:5
BRDA:16,0,0,10
BRDA:17,1,0,10
BRDA:18,2,0,10
BRDA:19,3,0,10
BRDA:20,4,0,10
BRDA:21,5,0,10
BRF:6
BRH:6
end_of_record
